<?xml version="1.0" encoding="UTF-8"?><saml2p:Response xmlns:saml2p="urn:oasis:names:tc:SAML:2.0:protocol" Destination="https://www.e-contract.be:443/eid-idp-sp/saml2-landing" ID="saml-response-0db2f9c6-8640-4751-ba39-509a82404f2b" InResponseTo="authn-request-ff33b284-3af5-4b87-b4fa-74a2874b0974" IssueInstant="2011-05-10T11:23:11.599Z" Version="2.0" xmlns:xs="http://www.w3.org/2001/XMLSchema"><saml2:Issuer xmlns:saml2="urn:oasis:names:tc:SAML:2.0:assertion">e-contract</saml2:Issuer><ds:Signature xmlns:ds="http://www.w3.org/2000/09/xmldsig#">
<ds:SignedInfo>
<ds:CanonicalizationMethod Algorithm="http://www.w3.org/2001/10/xml-exc-c14n#"/>
<ds:SignatureMethod Algorithm="http://www.w3.org/2000/09/xmldsig#rsa-sha1"/>
<ds:Reference URI="#saml-response-0db2f9c6-8640-4751-ba39-509a82404f2b">
<ds:Transforms>
<ds:Transform Algorithm="http://www.w3.org/2000/09/xmldsig#enveloped-signature"/>
<ds:Transform Algorithm="http://www.w3.org/2001/10/xml-exc-c14n#"><ec:InclusiveNamespaces xmlns:ec="http://www.w3.org/2001/10/xml-exc-c14n#" PrefixList="xs"/></ds:Transform>
</ds:Transforms>
<ds:DigestMethod Algorithm="http://www.w3.org/2000/09/xmldsig#sha1"/>
<ds:DigestValue>h1IjNaiJGJ9b1FKDSNJ5rFvaids=</ds:DigestValue>
</ds:Reference>
</ds:SignedInfo>
<ds:SignatureValue>
25Wgg2FTAueIv+yOfMbH/8fI7P+L/lVX2rlsmoXl3ldIsW2101kUUmnalO9OlopA0AwaCO3cW2pW
yoh/6/H2JCp2aHgvlXy/HSIuAW2ehDNo4MBpi8M1YKsndAoy91LsjVNq3MOmHe8wb7IsAFe2m7S3
mShahTqKsjN4wI43bIRS1+s7NSERZfeN7ikcOgz7v3iL+GcoNwDhe8TKjmB/3bn25LZPVMHyQkQH
570XWeVoM4VgCx2gZPsQHRIXQTR8Z78LmtsI56Xn/6KbtFc5MycwPR9ypbIGpgAOOBEGHWzIPtB4
f9mURvvc9uKQLs/ZIQjVC4WBPeVA8Qfpe1BGKg==
</ds:SignatureValue>
<ds:KeyInfo><ds:X509Data><ds:X509Certificate>MIIFYTCCBEmgAwIBAgIHSzYrAxWTwzANBgkqhkiG9w0BAQUFADCByjELMAkGA1UEBhMCVVMxEDAO
BgNVBAgTB0FyaXpvbmExEzARBgNVBAcTClNjb3R0c2RhbGUxGjAYBgNVBAoTEUdvRGFkZHkuY29t
LCBJbmMuMTMwMQYDVQQLEypodHRwOi8vY2VydGlmaWNhdGVzLmdvZGFkZHkuY29tL3JlcG9zaXRv
cnkxMDAuBgNVBAMTJ0dvIERhZGR5IFNlY3VyZSBDZXJ0aWZpY2F0aW9uIEF1dGhvcml0eTERMA8G
A1UEBRMIMDc5NjkyODcwHhcNMTAxMjE5MDc1ODUyWhcNMTExMjE5MDc1ODUyWjBbMRowGAYDVQQK
ExF3d3cuZS1jb250cmFjdC5iZTEhMB8GA1UECxMYRG9tYWluIENvbnRyb2wgVmFsaWRhdGVkMRow
GAYDVQQDExF3d3cuZS1jb250cmFjdC5iZTCCASIwDQYJKoZIhvcNAQEBBQADggEPADCCAQoCggEB
APO3o7NiHH3NkRp0cuPNfYeYHa9nGrjX97CA2kGJt3+9VZIZT7Ourei7DK5GO0cRNyE+3kizQL4E
bubI7atx6ddqlq2MS74ckfV5xmV9yS80ixVAl5UosqH3SQc/fMVXG6jrN9G+waFr5PuFw14YaH1r
xD/p4kicaNy6Z0hBby4o8HF44LyBApPb/lNsl18zcX4lO5hN1Rjs0CjAsV3F/wonYT8yMfZY5cFa
XXgwuMROvW78j1FMg3qGd3T6p60xlP62HHPnaMwxKEQv/zNfROjioLP6W00yDwncYQ5ItrWxNgZI
zUcKj4OlkhkdvCv5C7vERDetsiW8ezSdSj1ymEkCAwEAAaOCAbgwggG0MA8GA1UdEwEB/wQFMAMB
AQAwHQYDVR0lBBYwFAYIKwYBBQUHAwEGCCsGAQUFBwMCMA4GA1UdDwEB/wQEAwIFoDAzBgNVHR8E
LDAqMCigJqAkhiJodHRwOi8vY3JsLmdvZGFkZHkuY29tL2dkczEtMjcuY3JsME0GA1UdIARGMEQw
QgYLYIZIAYb9bQEHFwEwMzAxBggrBgEFBQcCARYlaHR0cHM6Ly9jZXJ0cy5nb2RhZGR5LmNvbS9y
ZXBvc2l0b3J5LzCBgAYIKwYBBQUHAQEEdDByMCQGCCsGAQUFBzABhhhodHRwOi8vb2NzcC5nb2Rh
ZGR5LmNvbS8wSgYIKwYBBQUHMAKGPmh0dHA6Ly9jZXJ0aWZpY2F0ZXMuZ29kYWRkeS5jb20vcmVw
b3NpdG9yeS9nZF9pbnRlcm1lZGlhdGUuY3J0MB8GA1UdIwQYMBaAFP2sYTKTbEXW4u6FX5q653aZ
aMznMCsGA1UdEQQkMCKCEXd3dy5lLWNvbnRyYWN0LmJlgg1lLWNvbnRyYWN0LmJlMB0GA1UdDgQW
BBRk31nmGbwGNJt956znaw2x6vW2ijANBgkqhkiG9w0BAQUFAAOCAQEAbsiFAVXE2/ucWSlkuMVG
lOLc/e2eP9AagajK9G+U9sPNsK05HF0wjkX6nteNaSjki29uH31aUUJch/bUxy7wLcklwhhgZYO2
kDZ4jHR4vxBm7dbKVHQfBWE55cdy3gq0SeaDL4yc0U3HtfWmNQUNwhTNKWNg8Bt3lIlobbP7t0+b
nGrj5r+OM2H+P/uaQEWxPgs/4M/vwASMMJu1txquobuiueneKB1MBdOvyAmXdeiO64ges5BJkWM0
/Z3A0qeXEK2kj2YY+5Owz8Jat8CS1oBqsT1xPB4CFDlZnkp7AKfHSUmBdlBHPJQU1vLHkpNwwoog
Ga8kw0dOzGx0JxN2Kw==</ds:X509Certificate><ds:X509Certificate>MIIE3jCCA8agAwIBAgICAwEwDQYJKoZIhvcNAQEFBQAwYzELMAkGA1UEBhMCVVMxITAfBgNVBAoT
GFRoZSBHbyBEYWRkeSBHcm91cCwgSW5jLjExMC8GA1UECxMoR28gRGFkZHkgQ2xhc3MgMiBDZXJ0
aWZpY2F0aW9uIEF1dGhvcml0eTAeFw0wNjExMTYwMTU0MzdaFw0yNjExMTYwMTU0MzdaMIHKMQsw
CQYDVQQGEwJVUzEQMA4GA1UECBMHQXJpem9uYTETMBEGA1UEBxMKU2NvdHRzZGFsZTEaMBgGA1UE
ChMRR29EYWRkeS5jb20sIEluYy4xMzAxBgNVBAsTKmh0dHA6Ly9jZXJ0aWZpY2F0ZXMuZ29kYWRk
eS5jb20vcmVwb3NpdG9yeTEwMC4GA1UEAxMnR28gRGFkZHkgU2VjdXJlIENlcnRpZmljYXRpb24g
QXV0aG9yaXR5MREwDwYDVQQFEwgwNzk2OTI4NzCCASIwDQYJKoZIhvcNAQEBBQADggEPADCCAQoC
ggEBAMQt1RWMnCZM7DI161+4WQFapmGBWTtwY6vj3D3HKrjJM9N55DrtPDAjhI6zMBS2sofDPZVU
BJ7fmd0LJR4h3mUpfjWoqVTr9vcyOdQmVZWt7/v+WIbXnvQAjYwqDL1CBM6nPwT27oDyqu9SoWlm
2r4arV3aLGbqGmu75RpRSgAvSMeYddi5Kcju+GZtCpyz8/x4fKL4o/K1w/O5epHBp+YlLpyo7RJl
bmr2EkRTcDCVw5wrWCs9CHRK8r5RsL+H0EwnWGu1NcWdrxcx+AuP7q2BNgWJCJjPOq8lh8BJ6qf9
Z/dFjpfMFDniNoW1fho3/Rb2cRGadDAW/hOUoz+EDU8CAwEAAaOCATIwggEuMB0GA1UdDgQWBBT9
rGEyk2xF1uLuhV+auud2mWjM5zAfBgNVHSMEGDAWgBTSxLDSkdRMEXGzYcs9of7dqGrU4zASBgNV
HRMBAf8ECDAGAQH/AgEAMDMGCCsGAQUFBwEBBCcwJTAjBggrBgEFBQcwAYYXaHR0cDovL29jc3Au
Z29kYWRkeS5jb20wRgYDVR0fBD8wPTA7oDmgN4Y1aHR0cDovL2NlcnRpZmljYXRlcy5nb2RhZGR5
LmNvbS9yZXBvc2l0b3J5L2dkcm9vdC5jcmwwSwYDVR0gBEQwQjBABgRVHSAAMDgwNgYIKwYBBQUH
AgEWKmh0dHA6Ly9jZXJ0aWZpY2F0ZXMuZ29kYWRkeS5jb20vcmVwb3NpdG9yeTAOBgNVHQ8BAf8E
BAMCAQYwDQYJKoZIhvcNAQEFBQADggEBANKGwOy9+aG2Z+5mC6IGOgRQjhVyrEp0lVPLN8tESe8H
kGsz2ZbwlFalEzAFPIUyIXvJxwqoJKSQ3kbTJSMUA2fCENZvD117esyfxVgqwcSeIaha86ykRvOe
5GPLL5CkKSkB2XIsKd83ASe8T+5o0yGPwLPk9Qnt0hCqU7S+8MxZC9Y7lhyVJEnfzuz9p0iRFEUO
OjZv2kWzRaJBydTXRE4+uXR21aITVSzGh6O1mawGhId/dQb8vxRMDsxuxN89txJx9OjxUUAiKEng
HUuHqDTMBqLdElrRhjZkAzVvb3du6/KFUJheqwNTrZEjYx8WnM25sgVjOuH0aBsXBTWVU+4=</ds:X509Certificate><ds:X509Certificate>MIIE+zCCBGSgAwIBAgICAQ0wDQYJKoZIhvcNAQEFBQAwgbsxJDAiBgNVBAcTG1ZhbGlDZXJ0IFZh
bGlkYXRpb24gTmV0d29yazEXMBUGA1UEChMOVmFsaUNlcnQsIEluYy4xNTAzBgNVBAsTLFZhbGlD
ZXJ0IENsYXNzIDIgUG9saWN5IFZhbGlkYXRpb24gQXV0aG9yaXR5MSEwHwYDVQQDExhodHRwOi8v
d3d3LnZhbGljZXJ0LmNvbS8xIDAeBgkqhkiG9w0BCQEWEWluZm9AdmFsaWNlcnQuY29tMB4XDTA0
MDYyOTE3MDYyMFoXDTI0MDYyOTE3MDYyMFowYzELMAkGA1UEBhMCVVMxITAfBgNVBAoTGFRoZSBH
byBEYWRkeSBHcm91cCwgSW5jLjExMC8GA1UECxMoR28gRGFkZHkgQ2xhc3MgMiBDZXJ0aWZpY2F0
aW9uIEF1dGhvcml0eTCCASAwDQYJKoZIhvcNAQEBBQADggENADCCAQgCggEBAN6d1+pXGEmhW+vX
X0iG6r7d/+TvZxz0ZWizV3GgXne77ZtJ6XCAPVYYYwhv2vLM0D9/AlQiVBDYsoHUwHU9S3/Hd8M+
eKsaA7Ugay9qK7HFiH7Eux6wwdhFJ2+qN1j3hybX2C32qRe3H3I2TqYXP2WYktsqbl2i/ojgC95/
5Y0V4evLOtXiEqITLdiOr18SPaAIBQi2XKVlOARFmR6jYGB0xUGlcmIbYsUfb18aQr4CUWWoriMY
avx4A6lNf4DD+qta/KFApMoZFv6yyO9ecw3ud72a9nmYvLEHZ6IVDd2gWMZEewo+YihfukEHU1jP
EX44dMX4/7VpkI+EdOqXG68CAQOjggHhMIIB3TAdBgNVHQ4EFgQU0sSw0pHUTBFxs2HLPaH+3ahq
1OMwgdIGA1UdIwSByjCBx6GBwaSBvjCBuzEkMCIGA1UEBxMbVmFsaUNlcnQgVmFsaWRhdGlvbiBO
ZXR3b3JrMRcwFQYDVQQKEw5WYWxpQ2VydCwgSW5jLjE1MDMGA1UECxMsVmFsaUNlcnQgQ2xhc3Mg
MiBQb2xpY3kgVmFsaWRhdGlvbiBBdXRob3JpdHkxITAfBgNVBAMTGGh0dHA6Ly93d3cudmFsaWNl
cnQuY29tLzEgMB4GCSqGSIb3DQEJARYRaW5mb0B2YWxpY2VydC5jb22CAQEwDwYDVR0TAQH/BAUw
AwEB/zAzBggrBgEFBQcBAQQnMCUwIwYIKwYBBQUHMAGGF2h0dHA6Ly9vY3NwLmdvZGFkZHkuY29t
MEQGA1UdHwQ9MDswOaA3oDWGM2h0dHA6Ly9jZXJ0aWZpY2F0ZXMuZ29kYWRkeS5jb20vcmVwb3Np
dG9yeS9yb290LmNybDBLBgNVHSAERDBCMEAGBFUdIAAwODA2BggrBgEFBQcCARYqaHR0cDovL2Nl
cnRpZmljYXRlcy5nb2RhZGR5LmNvbS9yZXBvc2l0b3J5MA4GA1UdDwEB/wQEAwIBBjANBgkqhkiG
9w0BAQUFAAOBgQC1QPmnHfbq/qQaQlpE9xXUhUaJwL6e4+PrxeNYiY+Sn1eocSxI0YGyeR+sBjUZ
sE4OWBsUs5iB0QQeyAfJg594RAoYC5jcdnplDQ1tgMQLARzLrUc+cb53S8wGd9D0VmsfSxOaFIqI
I6hR8INMqzW/Rn453HWkrugp++85j09VZw==</ds:X509Certificate><ds:X509Certificate>MIIC5zCCAlACAQEwDQYJKoZIhvcNAQEFBQAwgbsxJDAiBgNVBAcTG1ZhbGlDZXJ0IFZhbGlkYXRp
b24gTmV0d29yazEXMBUGA1UEChMOVmFsaUNlcnQsIEluYy4xNTAzBgNVBAsTLFZhbGlDZXJ0IENs
YXNzIDIgUG9saWN5IFZhbGlkYXRpb24gQXV0aG9yaXR5MSEwHwYDVQQDExhodHRwOi8vd3d3LnZh
bGljZXJ0LmNvbS8xIDAeBgkqhkiG9w0BCQEWEWluZm9AdmFsaWNlcnQuY29tMB4XDTk5MDYyNjAw
MTk1NFoXDTE5MDYyNjAwMTk1NFowgbsxJDAiBgNVBAcTG1ZhbGlDZXJ0IFZhbGlkYXRpb24gTmV0
d29yazEXMBUGA1UEChMOVmFsaUNlcnQsIEluYy4xNTAzBgNVBAsTLFZhbGlDZXJ0IENsYXNzIDIg
UG9saWN5IFZhbGlkYXRpb24gQXV0aG9yaXR5MSEwHwYDVQQDExhodHRwOi8vd3d3LnZhbGljZXJ0
LmNvbS8xIDAeBgkqhkiG9w0BCQEWEWluZm9AdmFsaWNlcnQuY29tMIGfMA0GCSqGSIb3DQEBAQUA
A4GNADCBiQKBgQDOOnHK5avIWZJV16vYdA757tn2VUdZZUcOBVXc65g2PFxTXdMwzzjsvUGJ7SVC
CSRrCl6zfN1SLUzm1NZ9WlmpZdRJEy0kTRxQb7XBhVQ7/nHk01xC+YDgkRoKWzk2Z/M/VXwbP7Rf
ZHM047QSv4dk+NoS/zcnwbNDu+97bi5p9wIDAQABMA0GCSqGSIb3DQEBBQUAA4GBADt/UG9vUJSZ
SWI4OB9L+KXIPqeCgfYrx+jFzug6EILLGACOTb2oWH+heQC1u+mNr0HZDzTuIYEZoDJJKPTEjlbV
UjP9UNV+mWwD5MlM/Mtsq2azSiGM5bUMMj4QssxsodyamEwCW/POuZ6lcg5Ktz885hZo+L7tdEy8
W9ViH0Pd</ds:X509Certificate></ds:X509Data></ds:KeyInfo></ds:Signature><saml2p:Status><saml2p:StatusCode Value="urn:oasis:names:tc:SAML:2.0:status:Success"/></saml2p:Status><saml2:Assertion xmlns:saml2="urn:oasis:names:tc:SAML:2.0:assertion" ID="assertion-02033eea-dfe2-4620-9ae3-b74a3c091ba9" IssueInstant="2011-05-10T11:23:11.599Z" Version="2.0" xmlns:xs="http://www.w3.org/2001/XMLSchema"><saml2:Issuer>e-contract</saml2:Issuer><ds:Signature xmlns:ds="http://www.w3.org/2000/09/xmldsig#">
<ds:SignedInfo>
<ds:CanonicalizationMethod Algorithm="http://www.w3.org/2001/10/xml-exc-c14n#"/>
<ds:SignatureMethod Algorithm="http://www.w3.org/2000/09/xmldsig#rsa-sha1"/>
<ds:Reference URI="#assertion-02033eea-dfe2-4620-9ae3-b74a3c091ba9">
<ds:Transforms>
<ds:Transform Algorithm="http://www.w3.org/2000/09/xmldsig#enveloped-signature"/>
<ds:Transform Algorithm="http://www.w3.org/2001/10/xml-exc-c14n#"><ec:InclusiveNamespaces xmlns:ec="http://www.w3.org/2001/10/xml-exc-c14n#" PrefixList="xs"/></ds:Transform>
</ds:Transforms>
<ds:DigestMethod Algorithm="http://www.w3.org/2000/09/xmldsig#sha1"/>
<ds:DigestValue>qsNycp8c5P02xS8bHAKGt4aNDxk=</ds:DigestValue>
</ds:Reference>
</ds:SignedInfo>
<ds:SignatureValue>
OCYvXUdScNzKAXLF+AQQegmGfY485WeZj5iYQ0e4hdZTf4cU2F5prQVrLgIfzZXfiI5Pqroqt/dy
oULSC42GJL/VCh66ZTPUt0jk7pA3hmRQqBoDWW3nwJELBNqnYGlq41mD6psvLnanMhSNXND+MmoY
8MVgUL5K5n0wgrXGpIGZbbvKGkj10+Xayu2ltXJEiFK8csmpdxkquI50sAQucZXqq4U+3g0XotGm
bgFJk9j6od0MEOdC8kVlDrnPaNEVXizYDHZkZOF3at6FafZsEtiNlYHsDs426scq0YXMkwfSjAQP
cRSq5SpaSTm4m3xMfgqRjx+1Daw2W5vF1l9WKw==
</ds:SignatureValue>
<ds:KeyInfo><ds:X509Data><ds:X509Certificate>MIIFYTCCBEmgAwIBAgIHSzYrAxWTwzANBgkqhkiG9w0BAQUFADCByjELMAkGA1UEBhMCVVMxEDAO
BgNVBAgTB0FyaXpvbmExEzARBgNVBAcTClNjb3R0c2RhbGUxGjAYBgNVBAoTEUdvRGFkZHkuY29t
LCBJbmMuMTMwMQYDVQQLEypodHRwOi8vY2VydGlmaWNhdGVzLmdvZGFkZHkuY29tL3JlcG9zaXRv
cnkxMDAuBgNVBAMTJ0dvIERhZGR5IFNlY3VyZSBDZXJ0aWZpY2F0aW9uIEF1dGhvcml0eTERMA8G
A1UEBRMIMDc5NjkyODcwHhcNMTAxMjE5MDc1ODUyWhcNMTExMjE5MDc1ODUyWjBbMRowGAYDVQQK
ExF3d3cuZS1jb250cmFjdC5iZTEhMB8GA1UECxMYRG9tYWluIENvbnRyb2wgVmFsaWRhdGVkMRow
GAYDVQQDExF3d3cuZS1jb250cmFjdC5iZTCCASIwDQYJKoZIhvcNAQEBBQADggEPADCCAQoCggEB
APO3o7NiHH3NkRp0cuPNfYeYHa9nGrjX97CA2kGJt3+9VZIZT7Ourei7DK5GO0cRNyE+3kizQL4E
bubI7atx6ddqlq2MS74ckfV5xmV9yS80ixVAl5UosqH3SQc/fMVXG6jrN9G+waFr5PuFw14YaH1r
xD/p4kicaNy6Z0hBby4o8HF44LyBApPb/lNsl18zcX4lO5hN1Rjs0CjAsV3F/wonYT8yMfZY5cFa
XXgwuMROvW78j1FMg3qGd3T6p60xlP62HHPnaMwxKEQv/zNfROjioLP6W00yDwncYQ5ItrWxNgZI
zUcKj4OlkhkdvCv5C7vERDetsiW8ezSdSj1ymEkCAwEAAaOCAbgwggG0MA8GA1UdEwEB/wQFMAMB
AQAwHQYDVR0lBBYwFAYIKwYBBQUHAwEGCCsGAQUFBwMCMA4GA1UdDwEB/wQEAwIFoDAzBgNVHR8E
LDAqMCigJqAkhiJodHRwOi8vY3JsLmdvZGFkZHkuY29tL2dkczEtMjcuY3JsME0GA1UdIARGMEQw
QgYLYIZIAYb9bQEHFwEwMzAxBggrBgEFBQcCARYlaHR0cHM6Ly9jZXJ0cy5nb2RhZGR5LmNvbS9y
ZXBvc2l0b3J5LzCBgAYIKwYBBQUHAQEEdDByMCQGCCsGAQUFBzABhhhodHRwOi8vb2NzcC5nb2Rh
ZGR5LmNvbS8wSgYIKwYBBQUHMAKGPmh0dHA6Ly9jZXJ0aWZpY2F0ZXMuZ29kYWRkeS5jb20vcmVw
b3NpdG9yeS9nZF9pbnRlcm1lZGlhdGUuY3J0MB8GA1UdIwQYMBaAFP2sYTKTbEXW4u6FX5q653aZ
aMznMCsGA1UdEQQkMCKCEXd3dy5lLWNvbnRyYWN0LmJlgg1lLWNvbnRyYWN0LmJlMB0GA1UdDgQW
BBRk31nmGbwGNJt956znaw2x6vW2ijANBgkqhkiG9w0BAQUFAAOCAQEAbsiFAVXE2/ucWSlkuMVG
lOLc/e2eP9AagajK9G+U9sPNsK05HF0wjkX6nteNaSjki29uH31aUUJch/bUxy7wLcklwhhgZYO2
kDZ4jHR4vxBm7dbKVHQfBWE55cdy3gq0SeaDL4yc0U3HtfWmNQUNwhTNKWNg8Bt3lIlobbP7t0+b
nGrj5r+OM2H+P/uaQEWxPgs/4M/vwASMMJu1txquobuiueneKB1MBdOvyAmXdeiO64ges5BJkWM0
/Z3A0qeXEK2kj2YY+5Owz8Jat8CS1oBqsT1xPB4CFDlZnkp7AKfHSUmBdlBHPJQU1vLHkpNwwoog
Ga8kw0dOzGx0JxN2Kw==</ds:X509Certificate><ds:X509Certificate>MIIE3jCCA8agAwIBAgICAwEwDQYJKoZIhvcNAQEFBQAwYzELMAkGA1UEBhMCVVMxITAfBgNVBAoT
GFRoZSBHbyBEYWRkeSBHcm91cCwgSW5jLjExMC8GA1UECxMoR28gRGFkZHkgQ2xhc3MgMiBDZXJ0
aWZpY2F0aW9uIEF1dGhvcml0eTAeFw0wNjExMTYwMTU0MzdaFw0yNjExMTYwMTU0MzdaMIHKMQsw
CQYDVQQGEwJVUzEQMA4GA1UECBMHQXJpem9uYTETMBEGA1UEBxMKU2NvdHRzZGFsZTEaMBgGA1UE
ChMRR29EYWRkeS5jb20sIEluYy4xMzAxBgNVBAsTKmh0dHA6Ly9jZXJ0aWZpY2F0ZXMuZ29kYWRk
eS5jb20vcmVwb3NpdG9yeTEwMC4GA1UEAxMnR28gRGFkZHkgU2VjdXJlIENlcnRpZmljYXRpb24g
QXV0aG9yaXR5MREwDwYDVQQFEwgwNzk2OTI4NzCCASIwDQYJKoZIhvcNAQEBBQADggEPADCCAQoC
ggEBAMQt1RWMnCZM7DI161+4WQFapmGBWTtwY6vj3D3HKrjJM9N55DrtPDAjhI6zMBS2sofDPZVU
BJ7fmd0LJR4h3mUpfjWoqVTr9vcyOdQmVZWt7/v+WIbXnvQAjYwqDL1CBM6nPwT27oDyqu9SoWlm
2r4arV3aLGbqGmu75RpRSgAvSMeYddi5Kcju+GZtCpyz8/x4fKL4o/K1w/O5epHBp+YlLpyo7RJl
bmr2EkRTcDCVw5wrWCs9CHRK8r5RsL+H0EwnWGu1NcWdrxcx+AuP7q2BNgWJCJjPOq8lh8BJ6qf9
Z/dFjpfMFDniNoW1fho3/Rb2cRGadDAW/hOUoz+EDU8CAwEAAaOCATIwggEuMB0GA1UdDgQWBBT9
rGEyk2xF1uLuhV+auud2mWjM5zAfBgNVHSMEGDAWgBTSxLDSkdRMEXGzYcs9of7dqGrU4zASBgNV
HRMBAf8ECDAGAQH/AgEAMDMGCCsGAQUFBwEBBCcwJTAjBggrBgEFBQcwAYYXaHR0cDovL29jc3Au
Z29kYWRkeS5jb20wRgYDVR0fBD8wPTA7oDmgN4Y1aHR0cDovL2NlcnRpZmljYXRlcy5nb2RhZGR5
LmNvbS9yZXBvc2l0b3J5L2dkcm9vdC5jcmwwSwYDVR0gBEQwQjBABgRVHSAAMDgwNgYIKwYBBQUH
AgEWKmh0dHA6Ly9jZXJ0aWZpY2F0ZXMuZ29kYWRkeS5jb20vcmVwb3NpdG9yeTAOBgNVHQ8BAf8E
BAMCAQYwDQYJKoZIhvcNAQEFBQADggEBANKGwOy9+aG2Z+5mC6IGOgRQjhVyrEp0lVPLN8tESe8H
kGsz2ZbwlFalEzAFPIUyIXvJxwqoJKSQ3kbTJSMUA2fCENZvD117esyfxVgqwcSeIaha86ykRvOe
5GPLL5CkKSkB2XIsKd83ASe8T+5o0yGPwLPk9Qnt0hCqU7S+8MxZC9Y7lhyVJEnfzuz9p0iRFEUO
OjZv2kWzRaJBydTXRE4+uXR21aITVSzGh6O1mawGhId/dQb8vxRMDsxuxN89txJx9OjxUUAiKEng
HUuHqDTMBqLdElrRhjZkAzVvb3du6/KFUJheqwNTrZEjYx8WnM25sgVjOuH0aBsXBTWVU+4=</ds:X509Certificate><ds:X509Certificate>MIIE+zCCBGSgAwIBAgICAQ0wDQYJKoZIhvcNAQEFBQAwgbsxJDAiBgNVBAcTG1ZhbGlDZXJ0IFZh
bGlkYXRpb24gTmV0d29yazEXMBUGA1UEChMOVmFsaUNlcnQsIEluYy4xNTAzBgNVBAsTLFZhbGlD
ZXJ0IENsYXNzIDIgUG9saWN5IFZhbGlkYXRpb24gQXV0aG9yaXR5MSEwHwYDVQQDExhodHRwOi8v
d3d3LnZhbGljZXJ0LmNvbS8xIDAeBgkqhkiG9w0BCQEWEWluZm9AdmFsaWNlcnQuY29tMB4XDTA0
MDYyOTE3MDYyMFoXDTI0MDYyOTE3MDYyMFowYzELMAkGA1UEBhMCVVMxITAfBgNVBAoTGFRoZSBH
byBEYWRkeSBHcm91cCwgSW5jLjExMC8GA1UECxMoR28gRGFkZHkgQ2xhc3MgMiBDZXJ0aWZpY2F0
aW9uIEF1dGhvcml0eTCCASAwDQYJKoZIhvcNAQEBBQADggENADCCAQgCggEBAN6d1+pXGEmhW+vX
X0iG6r7d/+TvZxz0ZWizV3GgXne77ZtJ6XCAPVYYYwhv2vLM0D9/AlQiVBDYsoHUwHU9S3/Hd8M+
eKsaA7Ugay9qK7HFiH7Eux6wwdhFJ2+qN1j3hybX2C32qRe3H3I2TqYXP2WYktsqbl2i/ojgC95/
5Y0V4evLOtXiEqITLdiOr18SPaAIBQi2XKVlOARFmR6jYGB0xUGlcmIbYsUfb18aQr4CUWWoriMY
avx4A6lNf4DD+qta/KFApMoZFv6yyO9ecw3ud72a9nmYvLEHZ6IVDd2gWMZEewo+YihfukEHU1jP
EX44dMX4/7VpkI+EdOqXG68CAQOjggHhMIIB3TAdBgNVHQ4EFgQU0sSw0pHUTBFxs2HLPaH+3ahq
1OMwgdIGA1UdIwSByjCBx6GBwaSBvjCBuzEkMCIGA1UEBxMbVmFsaUNlcnQgVmFsaWRhdGlvbiBO
ZXR3b3JrMRcwFQYDVQQKEw5WYWxpQ2VydCwgSW5jLjE1MDMGA1UECxMsVmFsaUNlcnQgQ2xhc3Mg
MiBQb2xpY3kgVmFsaWRhdGlvbiBBdXRob3JpdHkxITAfBgNVBAMTGGh0dHA6Ly93d3cudmFsaWNl
cnQuY29tLzEgMB4GCSqGSIb3DQEJARYRaW5mb0B2YWxpY2VydC5jb22CAQEwDwYDVR0TAQH/BAUw
AwEB/zAzBggrBgEFBQcBAQQnMCUwIwYIKwYBBQUHMAGGF2h0dHA6Ly9vY3NwLmdvZGFkZHkuY29t
MEQGA1UdHwQ9MDswOaA3oDWGM2h0dHA6Ly9jZXJ0aWZpY2F0ZXMuZ29kYWRkeS5jb20vcmVwb3Np
dG9yeS9yb290LmNybDBLBgNVHSAERDBCMEAGBFUdIAAwODA2BggrBgEFBQcCARYqaHR0cDovL2Nl
cnRpZmljYXRlcy5nb2RhZGR5LmNvbS9yZXBvc2l0b3J5MA4GA1UdDwEB/wQEAwIBBjANBgkqhkiG
9w0BAQUFAAOBgQC1QPmnHfbq/qQaQlpE9xXUhUaJwL6e4+PrxeNYiY+Sn1eocSxI0YGyeR+sBjUZ
sE4OWBsUs5iB0QQeyAfJg594RAoYC5jcdnplDQ1tgMQLARzLrUc+cb53S8wGd9D0VmsfSxOaFIqI
I6hR8INMqzW/Rn453HWkrugp++85j09VZw==</ds:X509Certificate><ds:X509Certificate>MIIC5zCCAlACAQEwDQYJKoZIhvcNAQEFBQAwgbsxJDAiBgNVBAcTG1ZhbGlDZXJ0IFZhbGlkYXRp
b24gTmV0d29yazEXMBUGA1UEChMOVmFsaUNlcnQsIEluYy4xNTAzBgNVBAsTLFZhbGlDZXJ0IENs
YXNzIDIgUG9saWN5IFZhbGlkYXRpb24gQXV0aG9yaXR5MSEwHwYDVQQDExhodHRwOi8vd3d3LnZh
bGljZXJ0LmNvbS8xIDAeBgkqhkiG9w0BCQEWEWluZm9AdmFsaWNlcnQuY29tMB4XDTk5MDYyNjAw
MTk1NFoXDTE5MDYyNjAwMTk1NFowgbsxJDAiBgNVBAcTG1ZhbGlDZXJ0IFZhbGlkYXRpb24gTmV0
d29yazEXMBUGA1UEChMOVmFsaUNlcnQsIEluYy4xNTAzBgNVBAsTLFZhbGlDZXJ0IENsYXNzIDIg
UG9saWN5IFZhbGlkYXRpb24gQXV0aG9yaXR5MSEwHwYDVQQDExhodHRwOi8vd3d3LnZhbGljZXJ0
LmNvbS8xIDAeBgkqhkiG9w0BCQEWEWluZm9AdmFsaWNlcnQuY29tMIGfMA0GCSqGSIb3DQEBAQUA
A4GNADCBiQKBgQDOOnHK5avIWZJV16vYdA757tn2VUdZZUcOBVXc65g2PFxTXdMwzzjsvUGJ7SVC
CSRrCl6zfN1SLUzm1NZ9WlmpZdRJEy0kTRxQb7XBhVQ7/nHk01xC+YDgkRoKWzk2Z/M/VXwbP7Rf
ZHM047QSv4dk+NoS/zcnwbNDu+97bi5p9wIDAQABMA0GCSqGSIb3DQEBBQUAA4GBADt/UG9vUJSZ
SWI4OB9L+KXIPqeCgfYrx+jFzug6EILLGACOTb2oWH+heQC1u+mNr0HZDzTuIYEZoDJJKPTEjlbV
UjP9UNV+mWwD5MlM/Mtsq2azSiGM5bUMMj4QssxsodyamEwCW/POuZ6lcg5Ktz885hZo+L7tdEy8
W9ViH0Pd</ds:X509Certificate></ds:X509Data></ds:KeyInfo></ds:Signature><saml2:Subject><saml2:NameID>79102520991</saml2:NameID><saml2:SubjectConfirmation Method="urn:oasis:names:tc:SAML:2.0:cm:bearer"><saml2:SubjectConfirmationData InResponseTo="authn-request-ff33b284-3af5-4b87-b4fa-74a2874b0974" NotBefore="2011-05-10T11:23:11.599Z" NotOnOrAfter="2011-05-10T11:28:11.599Z" Recipient="https://www.e-contract.be:443/eid-idp-sp/saml2-landing"/></saml2:SubjectConfirmation></saml2:Subject><saml2:Conditions NotBefore="2011-05-10T11:23:11.599Z" NotOnOrAfter="2011-05-10T11:28:11.599Z"><saml2:OneTimeUse/><saml2:AudienceRestriction><saml2:Audience>TestSP</saml2:Audience></saml2:AudienceRestriction></saml2:Conditions><saml2:AuthnStatement AuthnInstant="2011-05-10T11:23:11.599Z"><saml2:AuthnContext><saml2:AuthnContextClassRef>urn:be:fedict:eid:idp:Identification</saml2:AuthnContextClassRef></saml2:AuthnContext></saml2:AuthnStatement><saml2:AttributeStatement><saml2:Attribute Name="http://schemas.xmlsoap.org/ws/2005/05/identity/claims/gender"><saml2:AttributeValue xmlns:xsi="http://www.w3.org/2001/XMLSchema-instance" xsi:type="xs:string">1</saml2:AttributeValue></saml2:Attribute><saml2:EncryptedAttribute><xenc:EncryptedData xmlns:xenc="http://www.w3.org/2001/04/xmlenc#" Id="_138de6a6509c1d08d4226ceb6aa8d3b1" Type="http://www.w3.org/2001/04/xmlenc#Element"><xenc:EncryptionMethod Algorithm="http://www.w3.org/2001/04/xmlenc#aes128-cbc" xmlns:xenc="http://www.w3.org/2001/04/xmlenc#"/><ds:KeyInfo xmlns:ds="http://www.w3.org/2000/09/xmldsig#"/><xenc:CipherData xmlns:xenc="http://www.w3.org/2001/04/xmlenc#"><xenc:CipherValue>D68AV4yRUaWK6/Zl3EX7LeqQBlXmk+vX9Gi2ImD874uRZ4ZMx+35cKjierOX5Oigdhfay1Kxp3Js
fLfRzr6TzrFLuQdzR4SxOHnPFG7XL8E/ImKmtVp1wqb6q5IA8Qq9vhOzl70BnRUhF0P/smMdBaCv
nmUvfY32q2FINKvvWRhRcFqqJbsMKu/w6thm6TPnrLaf7JpdMrm7yYDkG9k7Q6hhLIU09rNRPpDl
uKiAFgYgWTVl+ko1DSD391Pee5Gws4lfAv6wMTc3RbV1j3smjaR9pJFWbnjK8qsKLDuhnCMqHUZr
GyOwqVAKXdv6ZibLB4Rnfsjbm0RGhoV8hpgvA9Ke35kdpXnyaiYUclbHD3kiIolMug+EzqXOu5AD
qfjmtu0ImVQQNBojhxIzX2Ar9lV7myrtU9Tegw8ndEuOWm5+ZqWZorncaUyeTQ0c6ixACSTmuVui
q9Z1MNEkoT8RPQJYGqZCH6eGe79f3I14uMk=</xenc:CipherValue></xenc:CipherData></xenc:EncryptedData></saml2:EncryptedAttribute></saml2:AttributeStatement></saml2:Assertion></saml2p:Response>